Using device: cuda
============================================================
🎯 训练策略：使用生成数据训练，真实数据测试
============================================================

🔧 生成训练数据...
生成了 2000 张训练图像
训练数据形状: torch.Size([2000, 1024])

📂 加载真实测试数据...
加载了 250 张真实测试图像
测试数据形状: torch.Size([250, 1024])

📊 参数设置:
  输入维度: 1024
  压缩维度: 128
  压缩率: 0.125 (8:1)
  批大小: 32
  训练轮数: 2000
  学习率: 0.001
  学习率调整: True
  网络层数: 12
  隐藏层维度: 768
  预测层维度: 768
检测到旧版本 PyTorch，使用无 verbose 参数的学习率调度器

🚀 开始训练（使用生成数据）...
Epoch 50/2000, Loss: 0.007031, Recon Loss: 0.006753, LR: 0.001000
Epoch 100/2000, Loss: 0.004567, Recon Loss: 0.004347, LR: 0.001000
Epoch 150/2000, Loss: 0.003857, Recon Loss: 0.003636, LR: 0.001000
Epoch 200/2000, Loss: 0.003396, Recon Loss: 0.003159, LR: 0.001000
Epoch 250/2000, Loss: 0.003089, Recon Loss: 0.002921, LR: 0.001000
Epoch 300/2000, Loss: 0.002970, Recon Loss: 0.002799, LR: 0.001000
Epoch 350/2000, Loss: 0.002413, Recon Loss: 0.002290, LR: 0.001000
Epoch 400/2000, Loss: 0.002678, Recon Loss: 0.002560, LR: 0.001000
Epoch 450/2000, Loss: 0.002379, Recon Loss: 0.002274, LR: 0.001000
Epoch 486: 学习率调整为 0.000500
Epoch 500/2000, Loss: 0.002235, Recon Loss: 0.002132, LR: 0.000500
Epoch 550/2000, Loss: 0.002056, Recon Loss: 0.001949, LR: 0.000500
Epoch 600/2000, Loss: 0.001974, Recon Loss: 0.001873, LR: 0.000500
Epoch 639: 学习率调整为 0.000250
Epoch 650/2000, Loss: 0.001949, Recon Loss: 0.001843, LR: 0.000250
Epoch 700/2000, Loss: 0.001815, Recon Loss: 0.001721, LR: 0.000250
Epoch 750/2000, Loss: 0.001784, Recon Loss: 0.001684, LR: 0.000250
Epoch 770: 学习率调整为 0.000125
Epoch 800/2000, Loss: 0.001746, Recon Loss: 0.001651, LR: 0.000125
Epoch 850/2000, Loss: 0.001738, Recon Loss: 0.001647, LR: 0.000125
Epoch 864: 学习率调整为 0.000063
Epoch 900/2000, Loss: 0.001594, Recon Loss: 0.001495, LR: 0.000063
Epoch 915: 学习率调整为 0.000031
Epoch 950/2000, Loss: 0.001772, Recon Loss: 0.001679, LR: 0.000031
Epoch 999: 学习率调整为 0.000016
Epoch 1000/2000, Loss: 0.001615, Recon Loss: 0.001528, LR: 0.000016
Epoch 1050/2000, Loss: 0.001715, Recon Loss: 0.001620, LR: 0.000016
Epoch 1100/2000, Loss: 0.001650, Recon Loss: 0.001555, LR: 0.000016
Epoch 1114: 学习率调整为 0.000008
Epoch 1150/2000, Loss: 0.001595, Recon Loss: 0.001505, LR: 0.000008
Epoch 1200/2000, Loss: 0.001627, Recon Loss: 0.001536, LR: 0.000008
Epoch 1211: 学习率调整为 0.000004
Epoch 1250/2000, Loss: 0.001719, Recon Loss: 0.001625, LR: 0.000004
Epoch 1300/2000, Loss: 0.001622, Recon Loss: 0.001516, LR: 0.000004
Epoch 1313: 学习率调整为 0.000002
Epoch 1350/2000, Loss: 0.001734, Recon Loss: 0.001641, LR: 0.000002
Epoch 1364: 学习率调整为 0.000001
Epoch 1400/2000, Loss: 0.001708, Recon Loss: 0.001617, LR: 0.000001
Epoch 1415: 学习率调整为 0.000000
Epoch 1450/2000, Loss: 0.001615, Recon Loss: 0.001518, LR: 0.000000
Epoch 1466: 学习率调整为 0.000000
Epoch 1500/2000, Loss: 0.001596, Recon Loss: 0.001498, LR: 0.000000
Epoch 1550/2000, Loss: 0.001776, Recon Loss: 0.001672, LR: 0.000000
Epoch 1566: 学习率调整为 0.000000
Epoch 1600/2000, Loss: 0.001647, Recon Loss: 0.001561, LR: 0.000000
Epoch 1617: 学习率调整为 0.000000
Epoch 1650/2000, Loss: 0.001737, Recon Loss: 0.001649, LR: 0.000000
Epoch 1668: 学习率调整为 0.000000
Epoch 1700/2000, Loss: 0.001644, Recon Loss: 0.001541, LR: 0.000000
Epoch 1719: 学习率调整为 0.000000
Epoch 1750/2000, Loss: 0.001595, Recon Loss: 0.001502, LR: 0.000000
Epoch 1800/2000, Loss: 0.001646, Recon Loss: 0.001554, LR: 0.000000
Epoch 1850/2000, Loss: 0.001660, Recon Loss: 0.001571, LR: 0.000000
Epoch 1900/2000, Loss: 0.001594, Recon Loss: 0.001506, LR: 0.000000
Epoch 1950/2000, Loss: 0.001537, Recon Loss: 0.001425, LR: 0.000000
Epoch 2000/2000, Loss: 0.001593, Recon Loss: 0.001494, LR: 0.000000

训练完成，学习率共调整了 16 次
最佳损失: 0.001461
加载最佳模型进行测试...

📈 绘制训练损失曲线...
Loss curves saved to assets/loss_curves_8Lr[True]n12h768ph768E2000.png

============================================================
🧪 开始测试（使用真实数据）...
============================================================
测试数据维度: torch.Size([250, 1024])
压缩后维度: torch.Size([250, 128])
压缩率: 0.125

📊 整体测试结果:
  重建 MAE: nan
  重建 MSE: nan
  PSNR: nan dB

📸 生成可视化对比图（真实数据 vs 重建结果）...
Loss curves saved to assets/Example_8Lr[True]n12h768ph768E2000.png

📈 每张测试图像的详细指标:
  图像 1: PSNR = 15.16 dB, MAE = 0.141704, MSE = 0.030484
  图像 2: PSNR = 15.10 dB, MAE = 0.135967, MSE = 0.030932
  图像 3: PSNR = 10.57 dB, MAE = 0.233079, MSE = 0.087794
  图像 4: PSNR = 18.83 dB, MAE = 0.083617, MSE = 0.013090
  图像 5: PSNR = 13.85 dB, MAE = 0.165664, MSE = 0.041230

============================================================
✅ 测试完成！
  训练数据: 2000 张生成图像
  测试数据: 250 张真实图像
  压缩效果: 1024 维 → 128 维
  最佳模型已保存到: models/best_model.pth
============================================================
