Using device: cuda
============================================================
🎯 训练策略：使用生成数据训练，真实数据测试
============================================================

🔧 生成训练数据...
生成了 2000 张训练图像
训练数据形状: torch.Size([2000, 1024])

📂 加载真实测试数据...
加载了 250 张真实测试图像
测试数据形状: torch.Size([250, 1024])

📊 参数设置:
  输入维度: 1024
  压缩维度: 256
  压缩率: 0.250 (4:1)
  批大小: 32
  训练轮数: 2000
  学习率: 0.001
  学习率调整: False
  网络层数: 12
  隐藏层维度: 512
  预测层维度: 512

🚀 开始训练（使用生成数据）...
Epoch 50/2000, Loss: 0.007284, Recon Loss: 0.007020, LR: 0.001000
Epoch 100/2000, Loss: 0.004042, Recon Loss: 0.003787, LR: 0.001000
Epoch 150/2000, Loss: 0.003272, Recon Loss: 0.003046, LR: 0.001000
Epoch 200/2000, Loss: 0.002846, Recon Loss: 0.002709, LR: 0.001000
Epoch 250/2000, Loss: 0.002482, Recon Loss: 0.002327, LR: 0.001000
Epoch 300/2000, Loss: 0.002649, Recon Loss: 0.002514, LR: 0.001000
Epoch 350/2000, Loss: 0.002150, Recon Loss: 0.002036, LR: 0.001000
Epoch 400/2000, Loss: 0.002081, Recon Loss: 0.001968, LR: 0.001000
Epoch 450/2000, Loss: 0.002032, Recon Loss: 0.001927, LR: 0.001000
Epoch 500/2000, Loss: 0.001988, Recon Loss: 0.001894, LR: 0.001000
Epoch 550/2000, Loss: 0.001898, Recon Loss: 0.001808, LR: 0.001000
Epoch 600/2000, Loss: 0.001774, Recon Loss: 0.001686, LR: 0.001000
Epoch 650/2000, Loss: 0.001711, Recon Loss: 0.001632, LR: 0.001000
Epoch 700/2000, Loss: 0.001661, Recon Loss: 0.001588, LR: 0.001000
Epoch 750/2000, Loss: 0.001681, Recon Loss: 0.001606, LR: 0.001000
Epoch 800/2000, Loss: 0.001569, Recon Loss: 0.001507, LR: 0.001000
Epoch 850/2000, Loss: 0.001552, Recon Loss: 0.001478, LR: 0.001000
Epoch 900/2000, Loss: 0.001503, Recon Loss: 0.001437, LR: 0.001000
Epoch 950/2000, Loss: 0.001425, Recon Loss: 0.001356, LR: 0.001000
Epoch 1000/2000, Loss: 0.001327, Recon Loss: 0.001257, LR: 0.001000
Epoch 1050/2000, Loss: 0.001265, Recon Loss: 0.001206, LR: 0.001000
Epoch 1100/2000, Loss: 0.001293, Recon Loss: 0.001232, LR: 0.001000
Epoch 1150/2000, Loss: 0.001221, Recon Loss: 0.001161, LR: 0.001000
Epoch 1200/2000, Loss: 0.001224, Recon Loss: 0.001167, LR: 0.001000
Epoch 1250/2000, Loss: 0.001209, Recon Loss: 0.001158, LR: 0.001000
Epoch 1300/2000, Loss: 0.001137, Recon Loss: 0.001085, LR: 0.001000
Epoch 1350/2000, Loss: 0.001104, Recon Loss: 0.001052, LR: 0.001000
Epoch 1400/2000, Loss: 0.000966, Recon Loss: 0.000915, LR: 0.001000
Epoch 1450/2000, Loss: 0.000967, Recon Loss: 0.000920, LR: 0.001000
Epoch 1500/2000, Loss: 0.000939, Recon Loss: 0.000890, LR: 0.001000
Epoch 1550/2000, Loss: 0.000924, Recon Loss: 0.000875, LR: 0.001000
Epoch 1600/2000, Loss: 0.000792, Recon Loss: 0.000741, LR: 0.001000
Epoch 1650/2000, Loss: 0.000931, Recon Loss: 0.000892, LR: 0.001000
Epoch 1700/2000, Loss: 0.000817, Recon Loss: 0.000774, LR: 0.001000
Epoch 1750/2000, Loss: 0.000742, Recon Loss: 0.000699, LR: 0.001000
Epoch 1800/2000, Loss: 0.000759, Recon Loss: 0.000723, LR: 0.001000
Epoch 1850/2000, Loss: 0.000697, Recon Loss: 0.000653, LR: 0.001000
Epoch 1900/2000, Loss: 0.000665, Recon Loss: 0.000621, LR: 0.001000
Epoch 1950/2000, Loss: 0.000617, Recon Loss: 0.000572, LR: 0.001000
Epoch 2000/2000, Loss: 0.000601, Recon Loss: 0.000562, LR: 0.001000

训练完成，学习率共调整了 0 次
最佳损失: 0.000519
加载最佳模型进行测试...

📈 绘制训练损失曲线...
Loss curves saved to assets/loss_curves_4Lr[False]n12h512ph512E2000.png

============================================================
🧪 开始测试（使用真实数据）...
============================================================
测试数据维度: torch.Size([250, 1024])
压缩后维度: torch.Size([250, 256])
压缩率: 0.250

📊 整体测试结果:
  重建 MAE: nan
  重建 MSE: nan
  PSNR: nan dB

📸 生成可视化对比图（真实数据 vs 重建结果）...
Loss curves saved to assets/Example_4Lr[False]n12h512ph512E2000.png

📈 每张测试图像的详细指标:
  图像 1: PSNR = 17.04 dB, MAE = 0.104453, MSE = 0.019787
  图像 2: PSNR = 16.18 dB, MAE = 0.116894, MSE = 0.024122
  图像 3: PSNR = 13.29 dB, MAE = 0.163022, MSE = 0.046874
  图像 4: PSNR = 19.79 dB, MAE = 0.073457, MSE = 0.010503
  图像 5: PSNR = 14.29 dB, MAE = 0.151651, MSE = 0.037280

============================================================
✅ 测试完成！
  训练数据: 2000 张生成图像
  测试数据: 250 张真实图像
  压缩效果: 1024 维 → 256 维
  最佳模型已保存到: models/best_model.pth
============================================================
