Using device: cuda
============================================================
🎯 训练策略：使用生成数据训练，真实数据测试
============================================================

🔧 生成训练数据...
生成了 2000 张训练图像
训练数据形状: torch.Size([2000, 1024])

📂 加载真实测试数据...
加载了 250 张真实测试图像
测试数据形状: torch.Size([250, 1024])

📊 参数设置:
  输入维度: 1024
  压缩维度: 128
  压缩率: 0.125 (8:1)
  批大小: 32
  训练轮数: 2000
  学习率: 1e-05
  学习率调整: True
  网络层数: 12
  隐藏层维度: 768
  预测层维度: 768
检测到旧版本 PyTorch，使用无 verbose 参数的学习率调度器

🚀 开始训练（使用生成数据）...
Epoch 50/2000, Loss: 0.017901, Recon Loss: 0.017528, LR: 0.000010
Epoch 100/2000, Loss: 0.010082, Recon Loss: 0.009649, LR: 0.000010
Epoch 150/2000, Loss: 0.006773, Recon Loss: 0.006420, LR: 0.000010
Epoch 200/2000, Loss: 0.005990, Recon Loss: 0.005680, LR: 0.000010
Epoch 250/2000, Loss: 0.004483, Recon Loss: 0.004263, LR: 0.000010
Epoch 300/2000, Loss: 0.004036, Recon Loss: 0.003859, LR: 0.000010
Epoch 350/2000, Loss: 0.003458, Recon Loss: 0.003314, LR: 0.000010
Epoch 400/2000, Loss: 0.003677, Recon Loss: 0.003521, LR: 0.000010
Epoch 450/2000, Loss: 0.003341, Recon Loss: 0.003210, LR: 0.000010
Epoch 486: 学习率调整为 0.000005
Epoch 500/2000, Loss: 0.003049, Recon Loss: 0.002922, LR: 0.000005
Epoch 550/2000, Loss: 0.002810, Recon Loss: 0.002691, LR: 0.000005
Epoch 600/2000, Loss: 0.002839, Recon Loss: 0.002727, LR: 0.000005
Epoch 603: 学习率调整为 0.000003
Epoch 650/2000, Loss: 0.002701, Recon Loss: 0.002591, LR: 0.000003
Epoch 654: 学习率调整为 0.000001
Epoch 700/2000, Loss: 0.002741, Recon Loss: 0.002624, LR: 0.000001
Epoch 716: 学习率调整为 0.000001
Epoch 750/2000, Loss: 0.002575, Recon Loss: 0.002480, LR: 0.000001
Epoch 800/2000, Loss: 0.002602, Recon Loss: 0.002493, LR: 0.000001
Epoch 808: 学习率调整为 0.000000
Epoch 850/2000, Loss: 0.002383, Recon Loss: 0.002291, LR: 0.000000
Epoch 900/2000, Loss: 0.002694, Recon Loss: 0.002592, LR: 0.000000
Epoch 946: 学习率调整为 0.000000
Epoch 950/2000, Loss: 0.002660, Recon Loss: 0.002557, LR: 0.000000
Epoch 997: 学习率调整为 0.000000
Epoch 1000/2000, Loss: 0.002437, Recon Loss: 0.002337, LR: 0.000000
Epoch 1048: 学习率调整为 0.000000
Epoch 1050/2000, Loss: 0.002640, Recon Loss: 0.002540, LR: 0.000000
Epoch 1099: 学习率调整为 0.000000
Epoch 1100/2000, Loss: 0.002662, Recon Loss: 0.002560, LR: 0.000000
Epoch 1150/2000, Loss: 0.003019, Recon Loss: 0.002898, LR: 0.000000
Epoch 1200/2000, Loss: 0.002679, Recon Loss: 0.002578, LR: 0.000000
Epoch 1250/2000, Loss: 0.002809, Recon Loss: 0.002704, LR: 0.000000
Epoch 1300/2000, Loss: 0.002670, Recon Loss: 0.002566, LR: 0.000000
Epoch 1350/2000, Loss: 0.002608, Recon Loss: 0.002505, LR: 0.000000
Epoch 1400/2000, Loss: 0.002775, Recon Loss: 0.002673, LR: 0.000000
Epoch 1450/2000, Loss: 0.002670, Recon Loss: 0.002567, LR: 0.000000
Epoch 1500/2000, Loss: 0.002482, Recon Loss: 0.002384, LR: 0.000000
Epoch 1550/2000, Loss: 0.002669, Recon Loss: 0.002566, LR: 0.000000
Epoch 1600/2000, Loss: 0.002741, Recon Loss: 0.002627, LR: 0.000000
Epoch 1650/2000, Loss: 0.002639, Recon Loss: 0.002539, LR: 0.000000
Epoch 1700/2000, Loss: 0.002646, Recon Loss: 0.002529, LR: 0.000000
Epoch 1750/2000, Loss: 0.002777, Recon Loss: 0.002663, LR: 0.000000
Epoch 1800/2000, Loss: 0.002754, Recon Loss: 0.002638, LR: 0.000000
Epoch 1850/2000, Loss: 0.002594, Recon Loss: 0.002504, LR: 0.000000
Epoch 1900/2000, Loss: 0.002858, Recon Loss: 0.002740, LR: 0.000000
Epoch 1950/2000, Loss: 0.002764, Recon Loss: 0.002655, LR: 0.000000
Epoch 2000/2000, Loss: 0.002600, Recon Loss: 0.002500, LR: 0.000000

训练完成，学习率共调整了 9 次
最佳损失: 0.002330
加载最佳模型进行测试...

📈 绘制训练损失曲线...
Loss curves saved to assets/loss_curves_res_GR8Lr[True]n12h768ph768E2000.png

============================================================
🧪 开始测试（使用真实数据）...
============================================================
测试数据维度: torch.Size([250, 1024])
压缩后维度: torch.Size([250, 128])
压缩率: 0.125

📊 整体测试结果:
  重建 MAE: 0.172135
  重建 MSE: 0.059077
  PSNR: 12.29 dB

📸 生成可视化对比图（真实数据 vs 重建结果）...
Loss curves saved to assets/Example_res_GR_8Lr[True]n12h768ph768E2000.png

📈 每张测试图像的详细指标:
  图像 1: PSNR = 15.40 dB, MAE = 0.128622, MSE = 0.028872
  图像 2: PSNR = 14.94 dB, MAE = 0.135155, MSE = 0.032035
  图像 3: PSNR = 13.54 dB, MAE = 0.154129, MSE = 0.044223
  图像 4: PSNR = 17.87 dB, MAE = 0.100705, MSE = 0.016349
  图像 5: PSNR = 14.05 dB, MAE = 0.156218, MSE = 0.039384

============================================================
✅ 测试完成！
  训练数据: 2000 张生成图像
  测试数据: 250 张真实图像
  压缩效果: 1024 维 → 128 维
  最佳模型已保存到: models/best_model.pth
============================================================
