Using device: cuda
============================================================
🎯 训练策略：使用生成数据训练，真实数据测试
============================================================

🔧 生成训练数据...
生成了 2000 张训练图像
训练数据形状: torch.Size([2000, 1024])

📂 加载真实测试数据...
加载了 250 张真实测试图像
测试数据形状: torch.Size([250, 1024])

📊 参数设置:
  输入维度: 1024
  压缩维度: 128
  压缩率: 0.125 (8:1)
  批大小: 32
  训练轮数: 2000
  学习率: 0.001
  学习率调整: True
  网络层数: 6
  隐藏层维度: 256
  预测层维度: 256
检测到旧版本 PyTorch，使用无 verbose 参数的学习率调度器

🚀 开始训练（使用生成数据）...
Epoch 50/2000, Loss: 0.013732, Recon Loss: 0.013440, LR: 0.001000
Epoch 100/2000, Loss: 0.007039, Recon Loss: 0.006758, LR: 0.001000
Epoch 150/2000, Loss: 0.004934, Recon Loss: 0.004663, LR: 0.001000
Epoch 200/2000, Loss: 0.004819, Recon Loss: 0.004615, LR: 0.001000
Epoch 250/2000, Loss: 0.003815, Recon Loss: 0.003598, LR: 0.001000
Epoch 300/2000, Loss: 0.004039, Recon Loss: 0.003829, LR: 0.001000
Epoch 350/2000, Loss: 0.003643, Recon Loss: 0.003465, LR: 0.001000
Epoch 370: 学习率调整为 0.000500
Epoch 400/2000, Loss: 0.002915, Recon Loss: 0.002769, LR: 0.000500
Epoch 450/2000, Loss: 0.003022, Recon Loss: 0.002849, LR: 0.000500
Epoch 500/2000, Loss: 0.002873, Recon Loss: 0.002726, LR: 0.000500
Epoch 527: 学习率调整为 0.000250
Epoch 550/2000, Loss: 0.002653, Recon Loss: 0.002495, LR: 0.000250
Epoch 600/2000, Loss: 0.002674, Recon Loss: 0.002541, LR: 0.000250
Epoch 632: 学习率调整为 0.000125
Epoch 650/2000, Loss: 0.002578, Recon Loss: 0.002412, LR: 0.000125
Epoch 700/2000, Loss: 0.002614, Recon Loss: 0.002472, LR: 0.000125
Epoch 708: 学习率调整为 0.000063
Epoch 750/2000, Loss: 0.002554, Recon Loss: 0.002415, LR: 0.000063
Epoch 760: 学习率调整为 0.000031
Epoch 800/2000, Loss: 0.002714, Recon Loss: 0.002568, LR: 0.000031
Epoch 811: 学习率调整为 0.000016
Epoch 850/2000, Loss: 0.002698, Recon Loss: 0.002550, LR: 0.000016
Epoch 862: 学习率调整为 0.000008
Epoch 900/2000, Loss: 0.002534, Recon Loss: 0.002398, LR: 0.000008
Epoch 913: 学习率调整为 0.000004
Epoch 950/2000, Loss: 0.002487, Recon Loss: 0.002353, LR: 0.000004
Epoch 1000/2000, Loss: 0.002571, Recon Loss: 0.002429, LR: 0.000004
Epoch 1027: 学习率调整为 0.000002
Epoch 1050/2000, Loss: 0.002469, Recon Loss: 0.002320, LR: 0.000002
Epoch 1078: 学习率调整为 0.000001
Epoch 1100/2000, Loss: 0.002577, Recon Loss: 0.002424, LR: 0.000001
Epoch 1129: 学习率调整为 0.000000
Epoch 1150/2000, Loss: 0.002298, Recon Loss: 0.002162, LR: 0.000000
Epoch 1180: 学习率调整为 0.000000
Epoch 1200/2000, Loss: 0.002482, Recon Loss: 0.002358, LR: 0.000000
Epoch 1231: 学习率调整为 0.000000
Epoch 1250/2000, Loss: 0.002655, Recon Loss: 0.002517, LR: 0.000000
Epoch 1282: 学习率调整为 0.000000
Epoch 1300/2000, Loss: 0.002603, Recon Loss: 0.002456, LR: 0.000000
Epoch 1333: 学习率调整为 0.000000
Epoch 1350/2000, Loss: 0.002395, Recon Loss: 0.002255, LR: 0.000000
Epoch 1384: 学习率调整为 0.000000
Epoch 1400/2000, Loss: 0.002444, Recon Loss: 0.002320, LR: 0.000000
Epoch 1450/2000, Loss: 0.002588, Recon Loss: 0.002451, LR: 0.000000
Epoch 1500/2000, Loss: 0.002588, Recon Loss: 0.002430, LR: 0.000000
Epoch 1550/2000, Loss: 0.002597, Recon Loss: 0.002456, LR: 0.000000
Epoch 1600/2000, Loss: 0.002529, Recon Loss: 0.002400, LR: 0.000000
Epoch 1650/2000, Loss: 0.002614, Recon Loss: 0.002476, LR: 0.000000
Epoch 1700/2000, Loss: 0.002552, Recon Loss: 0.002416, LR: 0.000000
Epoch 1750/2000, Loss: 0.002431, Recon Loss: 0.002308, LR: 0.000000
Epoch 1800/2000, Loss: 0.002687, Recon Loss: 0.002556, LR: 0.000000
Epoch 1850/2000, Loss: 0.002388, Recon Loss: 0.002263, LR: 0.000000
Epoch 1900/2000, Loss: 0.002545, Recon Loss: 0.002409, LR: 0.000000
Epoch 1950/2000, Loss: 0.002547, Recon Loss: 0.002413, LR: 0.000000
Epoch 2000/2000, Loss: 0.002786, Recon Loss: 0.002646, LR: 0.000000

训练完成，学习率共调整了 16 次
最佳损失: 0.002218
加载最佳模型进行测试...

📈 绘制训练损失曲线...
Loss curves saved to assets/loss_curves_8Lr[True]n6h256ph256E2000.png

============================================================
🧪 开始测试（使用真实数据）...
============================================================
测试数据维度: torch.Size([250, 1024])
压缩后维度: torch.Size([250, 128])
压缩率: 0.125

📊 整体测试结果:
  重建 MAE: nan
  重建 MSE: nan
  PSNR: nan dB

📸 生成可视化对比图（真实数据 vs 重建结果）...
Loss curves saved to assets/Example_8Lr[True]n6h256ph256E2000.png

📈 每张测试图像的详细指标:
  图像 1: PSNR = 13.42 dB, MAE = 0.168773, MSE = 0.045515
  图像 2: PSNR = 13.92 dB, MAE = 0.158319, MSE = 0.040509
  图像 3: PSNR = 12.46 dB, MAE = 0.180100, MSE = 0.056735
  图像 4: PSNR = 19.05 dB, MAE = 0.082338, MSE = 0.012432
  图像 5: PSNR = 10.24 dB, MAE = 0.242767, MSE = 0.094637

============================================================
✅ 测试完成！
  训练数据: 2000 张生成图像
  测试数据: 250 张真实图像
  压缩效果: 1024 维 → 128 维
  最佳模型已保存到: models/best_model.pth
============================================================
