Using device: cuda
============================================================
ЁЯОп шонч╗ГчнЦчХея╝Ъф╜┐чФичФЯцИРцХ░цНошонч╗Гя╝МчЬЯхоЮцХ░цНоц╡ЛшпХ
============================================================

ЁЯФз чФЯцИРшонч╗ГцХ░цНо...
чФЯцИРф║Ж 2000 х╝ашонч╗ГхЫ╛хГП
шонч╗ГцХ░цНох╜вчК╢: torch.Size([2000, 1024])

ЁЯУВ хКаш╜╜чЬЯхоЮц╡ЛшпХцХ░цНо...
хКаш╜╜ф║Ж 250 х╝ачЬЯхоЮц╡ЛшпХхЫ╛хГП
ц╡ЛшпХцХ░цНох╜вчК╢: torch.Size([250, 1024])

ЁЯУК хПВцХ░шо╛ч╜о:
  ш╛УхЕеч╗┤х║ж: 1024
  хОЛч╝йч╗┤х║ж: 256
  хОЛч╝йчОЗ: 0.250 (4:1)
  цЙ╣хдзх░П: 32
  шонч╗Гш╜оцХ░: 2000
  хнжф╣ачОЗ: 0.001
  хнжф╣ачОЗш░ГцХ┤: True
  ч╜Сч╗Ьх▒ВцХ░: 12
  щЪРшЧПх▒Вч╗┤х║ж: 1536
  щвДц╡Лх▒Вч╗┤х║ж: 1536
цгАц╡ЛхИ░цЧзчЙИцЬм PyTorchя╝Мф╜┐чФицЧа verbose хПВцХ░чЪДхнжф╣ачОЗш░Гх║жхЩи

ЁЯЪА х╝АхзЛшонч╗Гя╝Иф╜┐чФичФЯцИРцХ░цНоя╝Й...
Epoch 50/2000, Loss: nan, Recon Loss: nan, LR: 0.001000
Epoch 52: хнжф╣ачОЗш░ГцХ┤ф╕║ 0.000500
Epoch 100/2000, Loss: nan, Recon Loss: nan, LR: 0.000500
Epoch 103: хнжф╣ачОЗш░ГцХ┤ф╕║ 0.000250
Epoch 150/2000, Loss: nan, Recon Loss: nan, LR: 0.000250
Epoch 154: хнжф╣ачОЗш░ГцХ┤ф╕║ 0.000125
Epoch 200/2000, Loss: nan, Recon Loss: nan, LR: 0.000125
Epoch 205: хнжф╣ачОЗш░ГцХ┤ф╕║ 0.000063
