Using device: cuda
============================================================
🎯 训练策略：使用生成数据训练，真实数据测试
============================================================

🔧 生成训练数据...
生成了 2000 张训练图像
训练数据形状: torch.Size([2000, 1024])

📂 加载真实测试数据...
加载了 250 张真实测试图像
测试数据形状: torch.Size([250, 1024])

📊 参数设置:
  输入维度: 1024
  压缩维度: 128
  压缩率: 0.125 (8:1)
  批大小: 32
  训练轮数: 2000
  学习率: 0.001
  学习率调整: False
  网络层数: 6
  隐藏层维度: 512
  预测层维度: 512

🚀 开始训练（使用生成数据）...
Epoch 50/2000, Loss: 0.009414, Recon Loss: 0.009150, LR: 0.001000
Epoch 100/2000, Loss: 0.005532, Recon Loss: 0.005282, LR: 0.001000
Epoch 150/2000, Loss: 0.004649, Recon Loss: 0.004415, LR: 0.001000
Epoch 200/2000, Loss: 0.003947, Recon Loss: 0.003732, LR: 0.001000
Epoch 250/2000, Loss: 0.003554, Recon Loss: 0.003357, LR: 0.001000
Epoch 300/2000, Loss: 0.003548, Recon Loss: 0.003377, LR: 0.001000
Epoch 350/2000, Loss: 0.003133, Recon Loss: 0.002969, LR: 0.001000
Epoch 400/2000, Loss: 0.002960, Recon Loss: 0.002825, LR: 0.001000
Epoch 450/2000, Loss: 0.002901, Recon Loss: 0.002765, LR: 0.001000
Epoch 500/2000, Loss: 0.002491, Recon Loss: 0.002356, LR: 0.001000
Epoch 550/2000, Loss: 0.002357, Recon Loss: 0.002250, LR: 0.001000
Epoch 600/2000, Loss: 0.002464, Recon Loss: 0.002333, LR: 0.001000
Epoch 650/2000, Loss: 0.002378, Recon Loss: 0.002264, LR: 0.001000
Epoch 700/2000, Loss: 0.002371, Recon Loss: 0.002251, LR: 0.001000
Epoch 750/2000, Loss: 0.002245, Recon Loss: 0.002135, LR: 0.001000
Epoch 800/2000, Loss: 0.002095, Recon Loss: 0.001991, LR: 0.001000
Epoch 850/2000, Loss: 0.002347, Recon Loss: 0.002224, LR: 0.001000
Epoch 900/2000, Loss: 0.002216, Recon Loss: 0.002107, LR: 0.001000
Epoch 950/2000, Loss: 0.002014, Recon Loss: 0.001918, LR: 0.001000
Epoch 1000/2000, Loss: 0.001889, Recon Loss: 0.001806, LR: 0.001000
Epoch 1050/2000, Loss: 0.002023, Recon Loss: 0.001913, LR: 0.001000
Epoch 1100/2000, Loss: 0.001916, Recon Loss: 0.001822, LR: 0.001000
Epoch 1150/2000, Loss: 0.001873, Recon Loss: 0.001774, LR: 0.001000
Epoch 1200/2000, Loss: 0.001804, Recon Loss: 0.001709, LR: 0.001000
Epoch 1250/2000, Loss: 0.001686, Recon Loss: 0.001603, LR: 0.001000
Epoch 1300/2000, Loss: 0.001684, Recon Loss: 0.001607, LR: 0.001000
Epoch 1350/2000, Loss: 0.001774, Recon Loss: 0.001695, LR: 0.001000
Epoch 1400/2000, Loss: 0.001746, Recon Loss: 0.001671, LR: 0.001000
Epoch 1450/2000, Loss: 0.001524, Recon Loss: 0.001436, LR: 0.001000
Epoch 1500/2000, Loss: 0.001548, Recon Loss: 0.001470, LR: 0.001000
Epoch 1550/2000, Loss: 0.001529, Recon Loss: 0.001454, LR: 0.001000
Epoch 1600/2000, Loss: 0.001470, Recon Loss: 0.001397, LR: 0.001000
Epoch 1650/2000, Loss: 0.001500, Recon Loss: 0.001420, LR: 0.001000
Epoch 1700/2000, Loss: 0.001340, Recon Loss: 0.001276, LR: 0.001000
Epoch 1750/2000, Loss: 0.001333, Recon Loss: 0.001262, LR: 0.001000
Epoch 1800/2000, Loss: 0.001392, Recon Loss: 0.001317, LR: 0.001000
Epoch 1850/2000, Loss: 0.001315, Recon Loss: 0.001241, LR: 0.001000
Epoch 1900/2000, Loss: 0.001334, Recon Loss: 0.001264, LR: 0.001000
Epoch 1950/2000, Loss: 0.001203, Recon Loss: 0.001142, LR: 0.001000
Epoch 2000/2000, Loss: 0.001289, Recon Loss: 0.001221, LR: 0.001000

训练完成，学习率共调整了 0 次
最佳损失: 0.001148
加载最佳模型进行测试...

📈 绘制训练损失曲线...
Loss curves saved to assets/loss_curves_8Lr[False]n6h512ph512E2000.png

============================================================
🧪 开始测试（使用真实数据）...
============================================================
测试数据维度: torch.Size([250, 1024])
压缩后维度: torch.Size([250, 128])
压缩率: 0.125

📊 整体测试结果:
  重建 MAE: nan
  重建 MSE: nan
  PSNR: nan dB

📸 生成可视化对比图（真实数据 vs 重建结果）...
Loss curves saved to assets/Example_8Lr[False]n6h512ph512E2000.png

📈 每张测试图像的详细指标:
  图像 1: PSNR = 16.37 dB, MAE = 0.116301, MSE = 0.023081
  图像 2: PSNR = 16.45 dB, MAE = 0.113773, MSE = 0.022665
  图像 3: PSNR = 13.57 dB, MAE = 0.158149, MSE = 0.043932
  图像 4: PSNR = 19.27 dB, MAE = 0.080216, MSE = 0.011819
  图像 5: PSNR = 15.48 dB, MAE = 0.127031, MSE = 0.028334

============================================================
✅ 测试完成！
  训练数据: 2000 张生成图像
  测试数据: 250 张真实图像
  压缩效果: 1024 维 → 128 维
  最佳模型已保存到: models/best_model.pth
============================================================
