Using device: cuda
============================================================
🎯 训练策略：使用生成数据训练，真实数据测试
============================================================

🔧 生成训练数据...
生成了 2000 张训练图像
训练数据形状: torch.Size([2000, 1024])

📂 加载真实测试数据...
加载了 250 张真实测试图像
测试数据形状: torch.Size([250, 1024])

📊 参数设置:
  输入维度: 1024
  压缩维度: 256
  压缩率: 0.250 (4:1)
  批大小: 32
  训练轮数: 2000
  学习率: 1e-05
  学习率调整: True
  网络层数: 12
  隐藏层维度: 1536
  预测层维度: 1536
检测到旧版本 PyTorch，使用无 verbose 参数的学习率调度器

🚀 开始训练（使用生成数据）...
Epoch 50/2000, Loss: 0.007800, Recon Loss: 0.007473, LR: 0.000010
Epoch 100/2000, Loss: 0.004097, Recon Loss: 0.003851, LR: 0.000010
Epoch 150/2000, Loss: 0.003197, Recon Loss: 0.002999, LR: 0.000010
Epoch 200/2000, Loss: 0.002710, Recon Loss: 0.002538, LR: 0.000010
Epoch 250/2000, Loss: 0.002389, Recon Loss: 0.002256, LR: 0.000010
Epoch 300/2000, Loss: 0.002201, Recon Loss: 0.002092, LR: 0.000010
Epoch 350/2000, Loss: 0.002055, Recon Loss: 0.001950, LR: 0.000010
Epoch 400/2000, Loss: 0.001934, Recon Loss: 0.001838, LR: 0.000010
Epoch 450/2000, Loss: 0.001761, Recon Loss: 0.001687, LR: 0.000010
Epoch 500/2000, Loss: 0.001663, Recon Loss: 0.001592, LR: 0.000010
Epoch 550/2000, Loss: 0.001743, Recon Loss: 0.001665, LR: 0.000010
Epoch 600/2000, Loss: 0.001650, Recon Loss: 0.001571, LR: 0.000010
Epoch 650/2000, Loss: 0.001572, Recon Loss: 0.001503, LR: 0.000010
Epoch 696: 学习率调整为 0.000005
Epoch 700/2000, Loss: 0.001407, Recon Loss: 0.001350, LR: 0.000005
Epoch 750/2000, Loss: 0.001397, Recon Loss: 0.001329, LR: 0.000005
Epoch 800/2000, Loss: 0.001349, Recon Loss: 0.001287, LR: 0.000005
Epoch 806: 学习率调整为 0.000003
Epoch 850/2000, Loss: 0.001382, Recon Loss: 0.001322, LR: 0.000003
Epoch 900/2000, Loss: 0.001265, Recon Loss: 0.001205, LR: 0.000003
Epoch 914: 学习率调整为 0.000001
Epoch 950/2000, Loss: 0.001285, Recon Loss: 0.001224, LR: 0.000001
Epoch 965: 学习率调整为 0.000001
Epoch 1000/2000, Loss: 0.001306, Recon Loss: 0.001254, LR: 0.000001
Epoch 1033: 学习率调整为 0.000000
Epoch 1050/2000, Loss: 0.001263, Recon Loss: 0.001202, LR: 0.000000
Epoch 1099: 学习率调整为 0.000000
Epoch 1100/2000, Loss: 0.001313, Recon Loss: 0.001253, LR: 0.000000
Epoch 1150/2000, Loss: 0.001289, Recon Loss: 0.001239, LR: 0.000000
Epoch 1157: 学习率调整为 0.000000
Epoch 1200/2000, Loss: 0.001242, Recon Loss: 0.001189, LR: 0.000000
Epoch 1208: 学习率调整为 0.000000
Epoch 1250/2000, Loss: 0.001226, Recon Loss: 0.001173, LR: 0.000000
Epoch 1259: 学习率调整为 0.000000
Epoch 1300/2000, Loss: 0.001242, Recon Loss: 0.001179, LR: 0.000000
Epoch 1350/2000, Loss: 0.001276, Recon Loss: 0.001219, LR: 0.000000
Epoch 1400/2000, Loss: 0.001281, Recon Loss: 0.001224, LR: 0.000000
Epoch 1450/2000, Loss: 0.001247, Recon Loss: 0.001185, LR: 0.000000
Epoch 1500/2000, Loss: 0.001293, Recon Loss: 0.001235, LR: 0.000000
Epoch 1550/2000, Loss: 0.001284, Recon Loss: 0.001230, LR: 0.000000
Epoch 1600/2000, Loss: 0.001270, Recon Loss: 0.001218, LR: 0.000000
Epoch 1650/2000, Loss: 0.001316, Recon Loss: 0.001261, LR: 0.000000
Epoch 1700/2000, Loss: 0.001216, Recon Loss: 0.001153, LR: 0.000000
Epoch 1750/2000, Loss: 0.001267, Recon Loss: 0.001215, LR: 0.000000
Epoch 1800/2000, Loss: 0.001296, Recon Loss: 0.001236, LR: 0.000000
Epoch 1850/2000, Loss: 0.001281, Recon Loss: 0.001214, LR: 0.000000
Epoch 1900/2000, Loss: 0.001289, Recon Loss: 0.001226, LR: 0.000000
Epoch 1950/2000, Loss: 0.001260, Recon Loss: 0.001193, LR: 0.000000
Epoch 2000/2000, Loss: 0.001269, Recon Loss: 0.001214, LR: 0.000000

训练完成，学习率共调整了 9 次
最佳损失: 0.001162
加载最佳模型进行测试...

📈 绘制训练损失曲线...
Loss curves saved to assets/loss_curves_4Lr[True]n12h1536ph1536E2000.png

============================================================
🧪 开始测试（使用真实数据）...
============================================================
测试数据维度: torch.Size([250, 1024])
压缩后维度: torch.Size([250, 256])
压缩率: 0.250

📊 整体测试结果:
  重建 MAE: 0.146097
  重建 MSE: 0.044720
  PSNR: 13.50 dB

📸 生成可视化对比图（真实数据 vs 重建结果）...
Loss curves saved to assets/Example_4Lr[True]n12h1536ph1536E2000.png

📈 每张测试图像的详细指标:
  图像 1: PSNR = 17.63 dB, MAE = 0.100408, MSE = 0.017259
  图像 2: PSNR = 17.03 dB, MAE = 0.105327, MSE = 0.019794
  图像 3: PSNR = 15.22 dB, MAE = 0.130433, MSE = 0.030081
  图像 4: PSNR = 19.39 dB, MAE = 0.082432, MSE = 0.011507
  图像 5: PSNR = 15.56 dB, MAE = 0.130303, MSE = 0.027808

============================================================
✅ 测试完成！
  训练数据: 2000 张生成图像
  测试数据: 250 张真实图像
  压缩效果: 1024 维 → 256 维
  最佳模型已保存到: models/best_model.pth
============================================================
