Using device: cuda
============================================================
🎯 训练策略：使用生成数据训练，真实数据测试
============================================================

🔧 生成训练数据...
生成了 2000 张训练图像
训练数据形状: torch.Size([2000, 1024])

📂 加载真实测试数据...
加载了 250 张真实测试图像
测试数据形状: torch.Size([250, 1024])

📊 参数设置:
  输入维度: 1024
  压缩维度: 256
  压缩率: 0.250 (4:1)
  批大小: 32
  训练轮数: 2000
  学习率: 1e-05
  学习率调整: True
  网络层数: 6
  隐藏层维度: 1024
  预测层维度: 1024
检测到旧版本 PyTorch，使用无 verbose 参数的学习率调度器

🚀 开始训练（使用生成数据）...
Epoch 50/2000, Loss: 0.012705, Recon Loss: 0.012465, LR: 0.000010
Epoch 100/2000, Loss: 0.008266, Recon Loss: 0.007936, LR: 0.000010
Epoch 150/2000, Loss: 0.005955, Recon Loss: 0.005529, LR: 0.000010
Epoch 200/2000, Loss: 0.004523, Recon Loss: 0.004151, LR: 0.000010
Epoch 250/2000, Loss: 0.004516, Recon Loss: 0.004132, LR: 0.000010
Epoch 300/2000, Loss: 0.003811, Recon Loss: 0.003524, LR: 0.000010
Epoch 350/2000, Loss: 0.003835, Recon Loss: 0.003521, LR: 0.000010
Epoch 400/2000, Loss: 0.003540, Recon Loss: 0.003262, LR: 0.000010
Epoch 450/2000, Loss: 0.003005, Recon Loss: 0.002731, LR: 0.000010
Epoch 500/2000, Loss: 0.003094, Recon Loss: 0.002835, LR: 0.000010
Epoch 550/2000, Loss: 0.002896, Recon Loss: 0.002668, LR: 0.000010
Epoch 562: 学习率调整为 0.000005
Epoch 600/2000, Loss: 0.002540, Recon Loss: 0.002342, LR: 0.000005
Epoch 650/2000, Loss: 0.002539, Recon Loss: 0.002343, LR: 0.000005
Epoch 673: 学习率调整为 0.000003
Epoch 700/2000, Loss: 0.002663, Recon Loss: 0.002454, LR: 0.000003
Epoch 724: 学习率调整为 0.000001
Epoch 750/2000, Loss: 0.002419, Recon Loss: 0.002223, LR: 0.000001
Epoch 798: 学习率调整为 0.000001
Epoch 800/2000, Loss: 0.002307, Recon Loss: 0.002119, LR: 0.000001
Epoch 850/2000, Loss: 0.002460, Recon Loss: 0.002269, LR: 0.000001
Epoch 900/2000, Loss: 0.002577, Recon Loss: 0.002357, LR: 0.000001
Epoch 925: 学习率调整为 0.000000
Epoch 950/2000, Loss: 0.002369, Recon Loss: 0.002162, LR: 0.000000
Epoch 1000: 学习率调整为 0.000000
Epoch 1000/2000, Loss: 0.002379, Recon Loss: 0.002171, LR: 0.000000
Epoch 1050/2000, Loss: 0.002424, Recon Loss: 0.002201, LR: 0.000000
Epoch 1075: 学习率调整为 0.000000
Epoch 1100/2000, Loss: 0.002259, Recon Loss: 0.002079, LR: 0.000000
Epoch 1126: 学习率调整为 0.000000
Epoch 1150/2000, Loss: 0.002426, Recon Loss: 0.002206, LR: 0.000000
Epoch 1177: 学习率调整为 0.000000
Epoch 1200/2000, Loss: 0.002453, Recon Loss: 0.002259, LR: 0.000000
Epoch 1250/2000, Loss: 0.002408, Recon Loss: 0.002195, LR: 0.000000
Epoch 1300/2000, Loss: 0.002297, Recon Loss: 0.002109, LR: 0.000000
Epoch 1350/2000, Loss: 0.002438, Recon Loss: 0.002234, LR: 0.000000
Epoch 1400/2000, Loss: 0.002498, Recon Loss: 0.002289, LR: 0.000000
Epoch 1450/2000, Loss: 0.002400, Recon Loss: 0.002190, LR: 0.000000
Epoch 1500/2000, Loss: 0.002472, Recon Loss: 0.002284, LR: 0.000000
Epoch 1550/2000, Loss: 0.002372, Recon Loss: 0.002173, LR: 0.000000
Epoch 1600/2000, Loss: 0.002302, Recon Loss: 0.002101, LR: 0.000000
Epoch 1650/2000, Loss: 0.002218, Recon Loss: 0.002046, LR: 0.000000
Epoch 1700/2000, Loss: 0.002403, Recon Loss: 0.002219, LR: 0.000000
Epoch 1750/2000, Loss: 0.002684, Recon Loss: 0.002439, LR: 0.000000
Epoch 1800/2000, Loss: 0.002374, Recon Loss: 0.002186, LR: 0.000000
Epoch 1850/2000, Loss: 0.002412, Recon Loss: 0.002203, LR: 0.000000
Epoch 1900/2000, Loss: 0.002578, Recon Loss: 0.002341, LR: 0.000000
Epoch 1950/2000, Loss: 0.002435, Recon Loss: 0.002227, LR: 0.000000
Epoch 2000/2000, Loss: 0.002425, Recon Loss: 0.002234, LR: 0.000000

训练完成，学习率共调整了 9 次
最佳损失: 0.002127
加载最佳模型进行测试...

📈 绘制训练损失曲线...
Loss curves saved to assets/loss_curves_4Lr[True]n6h1024ph1024E2000.png

============================================================
🧪 开始测试（使用真实数据）...
============================================================
测试数据维度: torch.Size([250, 1024])
压缩后维度: torch.Size([250, 256])
压缩率: 0.250

📊 整体测试结果:
  重建 MAE: 0.153250
  重建 MSE: 0.054220
  PSNR: 12.66 dB

📸 生成可视化对比图（真实数据 vs 重建结果）...
Loss curves saved to assets/Example_4Lr[True]n6h1024ph1024E2000.png

📈 每张测试图像的详细指标:
  图像 1: PSNR = 16.39 dB, MAE = 0.106173, MSE = 0.022942
  图像 2: PSNR = 16.28 dB, MAE = 0.108162, MSE = 0.023551
  图像 3: PSNR = 13.77 dB, MAE = 0.142264, MSE = 0.041937
  图像 4: PSNR = 19.35 dB, MAE = 0.078018, MSE = 0.011608
  图像 5: PSNR = 13.96 dB, MAE = 0.146527, MSE = 0.040203

============================================================
✅ 测试完成！
  训练数据: 2000 张生成图像
  测试数据: 250 张真实图像
  压缩效果: 1024 维 → 256 维
  最佳模型已保存到: models/best_model.pth
============================================================
