Using device: cuda
============================================================
🎯 训练策略：使用生成数据训练，真实数据测试
============================================================

📂 加载真实数据...
加载了 250 张真实测试图像
测试数据形状: torch.Size([250, 1024])

📊 参数设置:
  输入维度: 1024
  压缩维度: 256
  压缩率: 0.250 (4:1)
  批大小: 32
  训练轮数: 2000
  学习率: 1e-05
  学习率调整: True
  网络层数: 6
  隐藏层维度: 1024
  预测层维度: 1024
检测到旧版本 PyTorch，使用无 verbose 参数的学习率调度器

🚀 开始训练（使用生成数据）...
Epoch 50/2000, Loss: 0.170933, Recon Loss: 0.169666, LR: 1e-05
Epoch 100/2000, Loss: 0.076028, Recon Loss: 0.074382, LR: 1e-05
Epoch 150/2000, Loss: 0.042489, Recon Loss: 0.041057, LR: 1e-05
Epoch 200/2000, Loss: 0.036098, Recon Loss: 0.034641, LR: 1e-05
Epoch 250/2000, Loss: 0.028763, Recon Loss: 0.027319, LR: 1e-05
Epoch 300/2000, Loss: 0.026370, Recon Loss: 0.024980, LR: 1e-05
Epoch 350/2000, Loss: 0.024654, Recon Loss: 0.023361, LR: 1e-05
Epoch 400/2000, Loss: 0.024460, Recon Loss: 0.023280, LR: 1e-05
Epoch 450/2000, Loss: 0.024188, Recon Loss: 0.023093, LR: 1e-05
Epoch 492: 学习率调整为 0.000005
Epoch 500/2000, Loss: 0.022355, Recon Loss: 0.021086, LR: 5e-06
Epoch 550/2000, Loss: 0.022079, Recon Loss: 0.020874, LR: 5e-06
Epoch 600/2000, Loss: 0.022054, Recon Loss: 0.020905, LR: 5e-06
Epoch 620: 学习率调整为 0.000003
Epoch 650/2000, Loss: 0.025267, Recon Loss: 0.024102, LR: 2.5e-06
Epoch 687: 学习率调整为 0.000001
Epoch 700/2000, Loss: 0.020101, Recon Loss: 0.018912, LR: 1.25e-06
Epoch 738: 学习率调整为 0.000001
Epoch 750/2000, Loss: 0.023858, Recon Loss: 0.022680, LR: 6.25e-07
Epoch 800/2000, Loss: 0.022595, Recon Loss: 0.021435, LR: 6.25e-07
Epoch 850/2000, Loss: 0.019985, Recon Loss: 0.018878, LR: 6.25e-07
Epoch 860: 学习率调整为 0.000000
Epoch 900/2000, Loss: 0.022656, Recon Loss: 0.021458, LR: 3.125e-07
Epoch 911: 学习率调整为 0.000000
Epoch 950/2000, Loss: 0.025673, Recon Loss: 0.024562, LR: 1.5625e-07
Epoch 962: 学习率调整为 0.000000
Epoch 1000/2000, Loss: 0.022201, Recon Loss: 0.021100, LR: 7.8125e-08
Epoch 1013: 学习率调整为 0.000000
Epoch 1050/2000, Loss: 0.024376, Recon Loss: 0.023250, LR: 3.90625e-08
Epoch 1064: 学习率调整为 0.000000
Epoch 1100/2000, Loss: 0.018872, Recon Loss: 0.017666, LR: 1.953125e-08
Epoch 1150/2000, Loss: 0.022059, Recon Loss: 0.020798, LR: 1.953125e-08
Epoch 1200/2000, Loss: 0.022651, Recon Loss: 0.021500, LR: 1.953125e-08
Epoch 1250/2000, Loss: 0.022716, Recon Loss: 0.021441, LR: 1.953125e-08
Epoch 1300/2000, Loss: 0.019912, Recon Loss: 0.018668, LR: 1.953125e-08
Epoch 1350/2000, Loss: 0.022082, Recon Loss: 0.020847, LR: 1.953125e-08
Epoch 1400/2000, Loss: 0.024378, Recon Loss: 0.023294, LR: 1.953125e-08
Epoch 1450/2000, Loss: 0.024170, Recon Loss: 0.022935, LR: 1.953125e-08
Epoch 1500/2000, Loss: 0.023636, Recon Loss: 0.022390, LR: 1.953125e-08
Epoch 1550/2000, Loss: 0.022536, Recon Loss: 0.021286, LR: 1.953125e-08
Epoch 1600/2000, Loss: 0.022187, Recon Loss: 0.021070, LR: 1.953125e-08
Epoch 1650/2000, Loss: 0.020767, Recon Loss: 0.019593, LR: 1.953125e-08
Epoch 1700/2000, Loss: 0.020767, Recon Loss: 0.019639, LR: 1.953125e-08
Epoch 1750/2000, Loss: 0.022964, Recon Loss: 0.021746, LR: 1.953125e-08
Epoch 1800/2000, Loss: 0.021127, Recon Loss: 0.020088, LR: 1.953125e-08
Epoch 1850/2000, Loss: 0.020271, Recon Loss: 0.019040, LR: 1.953125e-08
Epoch 1900/2000, Loss: 0.020164, Recon Loss: 0.019005, LR: 1.953125e-08
Epoch 1950/2000, Loss: 0.024233, Recon Loss: 0.023002, LR: 1.953125e-08
Epoch 2000/2000, Loss: 0.020679, Recon Loss: 0.019539, LR: 1.953125e-08

训练完成，学习率共调整了 9 次
最佳损失: 0.017297
加载最佳模型进行测试...

📈 绘制训练损失曲线...
Loss curves saved to assets/loss_curves_4Lr[True]n6h1024ph1024E2000.png

============================================================
🧪 开始测试（使用真实数据）...
============================================================
测试数据维度: torch.Size([250, 1024])
压缩后维度: torch.Size([250, 256])
压缩率: 0.250

📊 整体测试结果:
  重建 MAE: 0.095998
  重建 MSE: 0.021121
  PSNR: 16.75 dB

📸 生成可视化对比图（真实数据 vs 重建结果）...
Loss curves saved to assets/Example_4Lr[True]n6h1024ph1024E2000.png

📈 每张测试图像的详细指标:
  图像 1: PSNR = 16.31 dB, MAE = 0.101895, MSE = 0.023382
  图像 2: PSNR = 17.83 dB, MAE = 0.082329, MSE = 0.016486
  图像 3: PSNR = 13.75 dB, MAE = 0.134573, MSE = 0.042158
  图像 4: PSNR = 18.56 dB, MAE = 0.081542, MSE = 0.013929
  图像 5: PSNR = 16.49 dB, MAE = 0.100337, MSE = 0.022440

============================================================
✅ 测试完成！
  训练数据: 250 张生成图像
  测试数据: 250 张真实图像
  压缩效果: 1024 维 → 256 维
  最佳模型已保存到: models/best_model.pth
============================================================
