Using device: cuda
============================================================
🎯 训练策略：使用生成数据训练，真实数据测试
============================================================

🔧 生成训练数据...
生成了 2000 张训练图像
训练数据形状: torch.Size([2000, 1024])

📂 加载真实测试数据...
加载了 250 张真实测试图像
测试数据形状: torch.Size([250, 1024])

📊 参数设置:
  输入维度: 1024
  压缩维度: 256
  压缩率: 0.250 (4:1)
  批大小: 32
  训练轮数: 2000
  学习率: 0.001
  学习率调整: False
  网络层数: 6
  隐藏层维度: 256
  预测层维度: 256

🚀 开始训练（使用生成数据）...
Epoch 50/2000, Loss: 0.009914, Recon Loss: 0.009633, LR: 0.001000
Epoch 100/2000, Loss: 0.005808, Recon Loss: 0.005578, LR: 0.001000
Epoch 150/2000, Loss: 0.004001, Recon Loss: 0.003778, LR: 0.001000
Epoch 200/2000, Loss: 0.003435, Recon Loss: 0.003272, LR: 0.001000
Epoch 250/2000, Loss: 0.002828, Recon Loss: 0.002675, LR: 0.001000
Epoch 300/2000, Loss: 0.002703, Recon Loss: 0.002573, LR: 0.001000
Epoch 350/2000, Loss: 0.002650, Recon Loss: 0.002486, LR: 0.001000
Epoch 400/2000, Loss: 0.002478, Recon Loss: 0.002356, LR: 0.001000
Epoch 450/2000, Loss: 0.002341, Recon Loss: 0.002217, LR: 0.001000
Epoch 500/2000, Loss: 0.002119, Recon Loss: 0.002000, LR: 0.001000
Epoch 550/2000, Loss: 0.002091, Recon Loss: 0.001968, LR: 0.001000
Epoch 600/2000, Loss: 0.001908, Recon Loss: 0.001803, LR: 0.001000
Epoch 650/2000, Loss: 0.001967, Recon Loss: 0.001868, LR: 0.001000
Epoch 700/2000, Loss: 0.001715, Recon Loss: 0.001629, LR: 0.001000
Epoch 750/2000, Loss: 0.001883, Recon Loss: 0.001794, LR: 0.001000
Epoch 800/2000, Loss: 0.001720, Recon Loss: 0.001634, LR: 0.001000
Epoch 850/2000, Loss: 0.001752, Recon Loss: 0.001663, LR: 0.001000
Epoch 900/2000, Loss: 0.001637, Recon Loss: 0.001553, LR: 0.001000
Epoch 950/2000, Loss: 0.001632, Recon Loss: 0.001555, LR: 0.001000
Epoch 1000/2000, Loss: 0.001491, Recon Loss: 0.001416, LR: 0.001000
Epoch 1050/2000, Loss: 0.001481, Recon Loss: 0.001410, LR: 0.001000
Epoch 1100/2000, Loss: 0.001486, Recon Loss: 0.001411, LR: 0.001000
Epoch 1150/2000, Loss: 0.001454, Recon Loss: 0.001384, LR: 0.001000
Epoch 1200/2000, Loss: 0.001355, Recon Loss: 0.001293, LR: 0.001000
Epoch 1250/2000, Loss: 0.001466, Recon Loss: 0.001396, LR: 0.001000
Epoch 1300/2000, Loss: 0.001459, Recon Loss: 0.001394, LR: 0.001000
Epoch 1350/2000, Loss: 0.001385, Recon Loss: 0.001323, LR: 0.001000
Epoch 1400/2000, Loss: 0.001308, Recon Loss: 0.001244, LR: 0.001000
Epoch 1450/2000, Loss: 0.001343, Recon Loss: 0.001279, LR: 0.001000
Epoch 1500/2000, Loss: 0.001306, Recon Loss: 0.001245, LR: 0.001000
Epoch 1550/2000, Loss: 0.001326, Recon Loss: 0.001262, LR: 0.001000
Epoch 1600/2000, Loss: 0.001229, Recon Loss: 0.001173, LR: 0.001000
Epoch 1650/2000, Loss: 0.001200, Recon Loss: 0.001144, LR: 0.001000
Epoch 1700/2000, Loss: 0.001159, Recon Loss: 0.001107, LR: 0.001000
Epoch 1750/2000, Loss: 0.001218, Recon Loss: 0.001162, LR: 0.001000
Epoch 1800/2000, Loss: 0.001161, Recon Loss: 0.001107, LR: 0.001000
Epoch 1850/2000, Loss: 0.001108, Recon Loss: 0.001055, LR: 0.001000
Epoch 1900/2000, Loss: 0.001059, Recon Loss: 0.001004, LR: 0.001000
Epoch 1950/2000, Loss: 0.001124, Recon Loss: 0.001075, LR: 0.001000
Epoch 2000/2000, Loss: 0.001120, Recon Loss: 0.001070, LR: 0.001000

训练完成，学习率共调整了 0 次
最佳损失: 0.001010
加载最佳模型进行测试...

📈 绘制训练损失曲线...
Loss curves saved to assets/loss_curves_4Lr[False]n6h256ph256E2000.png

============================================================
🧪 开始测试（使用真实数据）...
============================================================
测试数据维度: torch.Size([250, 1024])
压缩后维度: torch.Size([250, 256])
压缩率: 0.250

📊 整体测试结果:
  重建 MAE: nan
  重建 MSE: nan
  PSNR: nan dB

📸 生成可视化对比图（真实数据 vs 重建结果）...
Loss curves saved to assets/Example_4Lr[False]n6h256ph256E2000.png

📈 每张测试图像的详细指标:
  图像 1: PSNR = 15.05 dB, MAE = 0.137519, MSE = 0.031258
  图像 2: PSNR = 13.44 dB, MAE = 0.161512, MSE = 0.045327
  图像 3: PSNR = 9.57 dB, MAE = 0.254981, MSE = 0.110414
  图像 4: PSNR = 19.50 dB, MAE = 0.075348, MSE = 0.011211
  图像 5: PSNR = 9.32 dB, MAE = 0.256576, MSE = 0.117077

============================================================
✅ 测试完成！
  训练数据: 2000 张生成图像
  测试数据: 250 张真实图像
  压缩效果: 1024 维 → 256 维
  最佳模型已保存到: models/best_model.pth
============================================================
