Using device: cuda
============================================================
🎯 训练策略：使用生成数据训练，真实数据测试
============================================================

🔧 生成训练数据...
生成了 2000 张训练图像
训练数据形状: torch.Size([2000, 1024])

📂 加载真实测试数据...
加载了 250 张真实测试图像
测试数据形状: torch.Size([250, 1024])

📊 参数设置:
  输入维度: 1024
  压缩维度: 128
  压缩率: 0.125 (8:1)
  批大小: 32
  训练轮数: 2000
  学习率: 0.001
  学习率调整: False
  网络层数: 12
  隐藏层维度: 256
  预测层维度: 256

🚀 开始训练（使用生成数据）...
Epoch 50/2000, Loss: 0.013768, Recon Loss: 0.013438, LR: 0.001000
Epoch 100/2000, Loss: 0.006433, Recon Loss: 0.006151, LR: 0.001000
Epoch 150/2000, Loss: 0.004659, Recon Loss: 0.004442, LR: 0.001000
Epoch 200/2000, Loss: 0.004785, Recon Loss: 0.004545, LR: 0.001000
Epoch 250/2000, Loss: 0.003445, Recon Loss: 0.003254, LR: 0.001000
Epoch 300/2000, Loss: 0.003269, Recon Loss: 0.003082, LR: 0.001000
Epoch 350/2000, Loss: 0.003310, Recon Loss: 0.003107, LR: 0.001000
Epoch 400/2000, Loss: 0.002927, Recon Loss: 0.002762, LR: 0.001000
Epoch 450/2000, Loss: 0.003205, Recon Loss: 0.003046, LR: 0.001000
Epoch 500/2000, Loss: 0.002980, Recon Loss: 0.002804, LR: 0.001000
Epoch 550/2000, Loss: 0.002657, Recon Loss: 0.002524, LR: 0.001000
Epoch 600/2000, Loss: 0.002667, Recon Loss: 0.002529, LR: 0.001000
Epoch 650/2000, Loss: 0.002604, Recon Loss: 0.002466, LR: 0.001000
Epoch 700/2000, Loss: 0.002591, Recon Loss: 0.002456, LR: 0.001000
Epoch 750/2000, Loss: 0.002235, Recon Loss: 0.002120, LR: 0.001000
Epoch 800/2000, Loss: 0.002341, Recon Loss: 0.002220, LR: 0.001000
Epoch 850/2000, Loss: 0.002016, Recon Loss: 0.001903, LR: 0.001000
Epoch 900/2000, Loss: 0.002259, Recon Loss: 0.002147, LR: 0.001000
Epoch 950/2000, Loss: 0.001961, Recon Loss: 0.001855, LR: 0.001000
Epoch 1000/2000, Loss: 0.002117, Recon Loss: 0.002016, LR: 0.001000
Epoch 1050/2000, Loss: 0.002076, Recon Loss: 0.001971, LR: 0.001000
Epoch 1100/2000, Loss: 0.001809, Recon Loss: 0.001713, LR: 0.001000
Epoch 1150/2000, Loss: 0.001731, Recon Loss: 0.001643, LR: 0.001000
Epoch 1200/2000, Loss: 0.001675, Recon Loss: 0.001588, LR: 0.001000
Epoch 1250/2000, Loss: 0.001639, Recon Loss: 0.001547, LR: 0.001000
Epoch 1300/2000, Loss: 0.001644, Recon Loss: 0.001558, LR: 0.001000
Epoch 1350/2000, Loss: 0.001600, Recon Loss: 0.001512, LR: 0.001000
Epoch 1400/2000, Loss: 0.001601, Recon Loss: 0.001523, LR: 0.001000
Epoch 1450/2000, Loss: 0.001513, Recon Loss: 0.001429, LR: 0.001000
Epoch 1500/2000, Loss: 0.001496, Recon Loss: 0.001424, LR: 0.001000
Epoch 1550/2000, Loss: 0.001380, Recon Loss: 0.001311, LR: 0.001000
Epoch 1600/2000, Loss: 0.001393, Recon Loss: 0.001325, LR: 0.001000
Epoch 1650/2000, Loss: 0.001318, Recon Loss: 0.001245, LR: 0.001000
Epoch 1700/2000, Loss: 0.001310, Recon Loss: 0.001237, LR: 0.001000
Epoch 1750/2000, Loss: 0.001276, Recon Loss: 0.001220, LR: 0.001000
Epoch 1800/2000, Loss: 0.001252, Recon Loss: 0.001185, LR: 0.001000
Epoch 1850/2000, Loss: 0.001264, Recon Loss: 0.001198, LR: 0.001000
Epoch 1900/2000, Loss: 0.001215, Recon Loss: 0.001159, LR: 0.001000
Epoch 1950/2000, Loss: 0.001155, Recon Loss: 0.001099, LR: 0.001000
Epoch 2000/2000, Loss: 0.001111, Recon Loss: 0.001055, LR: 0.001000

训练完成，学习率共调整了 0 次
最佳损失: 0.001052
加载最佳模型进行测试...

📈 绘制训练损失曲线...
Loss curves saved to assets/loss_curves_8Lr[False]n12h256ph256E2000.png

============================================================
🧪 开始测试（使用真实数据）...
============================================================
测试数据维度: torch.Size([250, 1024])
压缩后维度: torch.Size([250, 128])
压缩率: 0.125

📊 整体测试结果:
  重建 MAE: nan
  重建 MSE: nan
  PSNR: nan dB

📸 生成可视化对比图（真实数据 vs 重建结果）...
Loss curves saved to assets/Example_8Lr[False]n12h256ph256E2000.png

📈 每张测试图像的详细指标:
  图像 1: PSNR = 15.41 dB, MAE = 0.128389, MSE = 0.028770
  图像 2: PSNR = 15.76 dB, MAE = 0.124107, MSE = 0.026532
  图像 3: PSNR = 9.73 dB, MAE = 0.255774, MSE = 0.106524
  图像 4: PSNR = 18.93 dB, MAE = 0.084830, MSE = 0.012805
  图像 5: PSNR = 10.73 dB, MAE = 0.217304, MSE = 0.084459

============================================================
✅ 测试完成！
  训练数据: 2000 张生成图像
  测试数据: 250 张真实图像
  压缩效果: 1024 维 → 128 维
  最佳模型已保存到: models/best_model.pth
============================================================
