Using device: cuda
============================================================
🎯 训练策略：使用生成数据训练，真实数据测试
============================================================

🔧 生成训练数据...
生成了 2000 张训练图像
训练数据形状: torch.Size([2000, 1024])

📂 加载真实测试数据...
加载了 250 张真实测试图像
测试数据形状: torch.Size([250, 1024])

📊 参数设置:
  输入维度: 1024
  压缩维度: 128
  压缩率: 0.125 (8:1)
  批大小: 32
  训练轮数: 2000
  学习率: 0.001
  学习率调整: False
  网络层数: 6
  隐藏层维度: 256
  预测层维度: 256

🚀 开始训练（使用生成数据）...
Epoch 50/2000, Loss: 0.013732, Recon Loss: 0.013440, LR: 0.001000
Epoch 100/2000, Loss: 0.007039, Recon Loss: 0.006758, LR: 0.001000
Epoch 150/2000, Loss: 0.004934, Recon Loss: 0.004663, LR: 0.001000
Epoch 200/2000, Loss: 0.004819, Recon Loss: 0.004615, LR: 0.001000
Epoch 250/2000, Loss: 0.003815, Recon Loss: 0.003598, LR: 0.001000
Epoch 300/2000, Loss: 0.004039, Recon Loss: 0.003829, LR: 0.001000
Epoch 350/2000, Loss: 0.003643, Recon Loss: 0.003465, LR: 0.001000
Epoch 400/2000, Loss: 0.003071, Recon Loss: 0.002925, LR: 0.001000
Epoch 450/2000, Loss: 0.003090, Recon Loss: 0.002918, LR: 0.001000
Epoch 500/2000, Loss: 0.002861, Recon Loss: 0.002719, LR: 0.001000
Epoch 550/2000, Loss: 0.002642, Recon Loss: 0.002491, LR: 0.001000
Epoch 600/2000, Loss: 0.002660, Recon Loss: 0.002534, LR: 0.001000
Epoch 650/2000, Loss: 0.002528, Recon Loss: 0.002374, LR: 0.001000
Epoch 700/2000, Loss: 0.002467, Recon Loss: 0.002339, LR: 0.001000
Epoch 750/2000, Loss: 0.002429, Recon Loss: 0.002304, LR: 0.001000
Epoch 800/2000, Loss: 0.002447, Recon Loss: 0.002322, LR: 0.001000
Epoch 850/2000, Loss: 0.002368, Recon Loss: 0.002243, LR: 0.001000
Epoch 900/2000, Loss: 0.002186, Recon Loss: 0.002075, LR: 0.001000
Epoch 950/2000, Loss: 0.002180, Recon Loss: 0.002072, LR: 0.001000
Epoch 1000/2000, Loss: 0.002037, Recon Loss: 0.001927, LR: 0.001000
Epoch 1050/2000, Loss: 0.002007, Recon Loss: 0.001895, LR: 0.001000
Epoch 1100/2000, Loss: 0.002026, Recon Loss: 0.001910, LR: 0.001000
Epoch 1150/2000, Loss: 0.001925, Recon Loss: 0.001830, LR: 0.001000
Epoch 1200/2000, Loss: 0.001875, Recon Loss: 0.001790, LR: 0.001000
Epoch 1250/2000, Loss: 0.001860, Recon Loss: 0.001765, LR: 0.001000
Epoch 1300/2000, Loss: 0.001726, Recon Loss: 0.001630, LR: 0.001000
Epoch 1350/2000, Loss: 0.001653, Recon Loss: 0.001565, LR: 0.001000
Epoch 1400/2000, Loss: 0.001682, Recon Loss: 0.001605, LR: 0.001000
Epoch 1450/2000, Loss: 0.001765, Recon Loss: 0.001679, LR: 0.001000
Epoch 1500/2000, Loss: 0.001633, Recon Loss: 0.001540, LR: 0.001000
Epoch 1550/2000, Loss: 0.001761, Recon Loss: 0.001680, LR: 0.001000
Epoch 1600/2000, Loss: 0.001589, Recon Loss: 0.001512, LR: 0.001000
Epoch 1650/2000, Loss: 0.001566, Recon Loss: 0.001489, LR: 0.001000
Epoch 1700/2000, Loss: 0.001476, Recon Loss: 0.001398, LR: 0.001000
Epoch 1750/2000, Loss: 0.001560, Recon Loss: 0.001494, LR: 0.001000
Epoch 1800/2000, Loss: 0.001488, Recon Loss: 0.001414, LR: 0.001000
Epoch 1850/2000, Loss: 0.001420, Recon Loss: 0.001352, LR: 0.001000
Epoch 1900/2000, Loss: 0.001448, Recon Loss: 0.001377, LR: 0.001000
Epoch 1950/2000, Loss: 0.001431, Recon Loss: 0.001363, LR: 0.001000
Epoch 2000/2000, Loss: 0.001376, Recon Loss: 0.001304, LR: 0.001000

训练完成，学习率共调整了 0 次
最佳损失: 0.001294
加载最佳模型进行测试...

📈 绘制训练损失曲线...
Loss curves saved to assets/loss_curves_8Lr[False]n6h256ph256E2000.png

============================================================
🧪 开始测试（使用真实数据）...
============================================================
测试数据维度: torch.Size([250, 1024])
压缩后维度: torch.Size([250, 128])
压缩率: 0.125

📊 整体测试结果:
  重建 MAE: nan
  重建 MSE: nan
  PSNR: nan dB

📸 生成可视化对比图（真实数据 vs 重建结果）...
Loss curves saved to assets/Example_8Lr[False]n6h256ph256E2000.png

📈 每张测试图像的详细指标:
  图像 1: PSNR = 14.49 dB, MAE = 0.146516, MSE = 0.035580
  图像 2: PSNR = 14.93 dB, MAE = 0.139248, MSE = 0.032135
  图像 3: PSNR = nan dB, MAE = nan, MSE = nan
  图像 4: PSNR = 19.06 dB, MAE = 0.083596, MSE = 0.012415
  图像 5: PSNR = 13.85 dB, MAE = 0.160688, MSE = 0.041168

============================================================
✅ 测试完成！
  训练数据: 2000 张生成图像
  测试数据: 250 张真实图像
  压缩效果: 1024 维 → 128 维
  最佳模型已保存到: models/best_model.pth
============================================================
