Using device: cuda
============================================================
🎯 训练策略：使用生成数据训练，真实数据测试
============================================================

🔧 生成训练数据...
生成了 2000 张训练图像
训练数据形状: torch.Size([2000, 1024])

📂 加载真实测试数据...
加载了 250 张真实测试图像
测试数据形状: torch.Size([250, 1024])

📊 参数设置:
  输入维度: 1024
  压缩维度: 128
  压缩率: 0.125 (8:1)
  批大小: 32
  训练轮数: 2000
  学习率: 0.001
  学习率调整: True
  网络层数: 6
  隐藏层维度: 512
  预测层维度: 512
检测到旧版本 PyTorch，使用无 verbose 参数的学习率调度器

🚀 开始训练（使用生成数据）...
Epoch 50/2000, Loss: 0.009414, Recon Loss: 0.009150, LR: 0.001000
Epoch 100/2000, Loss: 0.005532, Recon Loss: 0.005282, LR: 0.001000
Epoch 150/2000, Loss: 0.004649, Recon Loss: 0.004415, LR: 0.001000
Epoch 200/2000, Loss: 0.003947, Recon Loss: 0.003732, LR: 0.001000
Epoch 250/2000, Loss: 0.003554, Recon Loss: 0.003357, LR: 0.001000
Epoch 300/2000, Loss: 0.003548, Recon Loss: 0.003377, LR: 0.001000
Epoch 350/2000, Loss: 0.003133, Recon Loss: 0.002969, LR: 0.001000
Epoch 400/2000, Loss: 0.002960, Recon Loss: 0.002825, LR: 0.001000
Epoch 450/2000, Loss: 0.002901, Recon Loss: 0.002765, LR: 0.001000
Epoch 500/2000, Loss: 0.002491, Recon Loss: 0.002356, LR: 0.001000
Epoch 515: 学习率调整为 0.000500
Epoch 550/2000, Loss: 0.002280, Recon Loss: 0.002171, LR: 0.000500
Epoch 580: 学习率调整为 0.000250
Epoch 600/2000, Loss: 0.002384, Recon Loss: 0.002249, LR: 0.000250
Epoch 650/2000, Loss: 0.002271, Recon Loss: 0.002154, LR: 0.000250
Epoch 652: 学习率调整为 0.000125
Epoch 700/2000, Loss: 0.002259, Recon Loss: 0.002133, LR: 0.000125
Epoch 744: 学习率调整为 0.000063
Epoch 750/2000, Loss: 0.002131, Recon Loss: 0.002011, LR: 0.000063
Epoch 800/2000, Loss: 0.002127, Recon Loss: 0.002011, LR: 0.000063
Epoch 850/2000, Loss: 0.002322, Recon Loss: 0.002183, LR: 0.000063
Epoch 900/2000, Loss: 0.002305, Recon Loss: 0.002179, LR: 0.000063
Epoch 950/2000, Loss: 0.002169, Recon Loss: 0.002053, LR: 0.000063
Epoch 1000/2000, Loss: 0.002016, Recon Loss: 0.001916, LR: 0.000063
Epoch 1013: 学习率调整为 0.000031
Epoch 1050/2000, Loss: 0.002266, Recon Loss: 0.002132, LR: 0.000031
Epoch 1085: 学习率调整为 0.000016
Epoch 1100/2000, Loss: 0.002196, Recon Loss: 0.002076, LR: 0.000016
Epoch 1136: 学习率调整为 0.000008
Epoch 1150/2000, Loss: 0.002203, Recon Loss: 0.002077, LR: 0.000008
Epoch 1187: 学习率调整为 0.000004
Epoch 1200/2000, Loss: 0.002187, Recon Loss: 0.002063, LR: 0.000004
Epoch 1238: 学习率调整为 0.000002
Epoch 1250/2000, Loss: 0.002026, Recon Loss: 0.001916, LR: 0.000002
Epoch 1300/2000, Loss: 0.002063, Recon Loss: 0.001960, LR: 0.000002
Epoch 1302: 学习率调整为 0.000001
Epoch 1350/2000, Loss: 0.002043, Recon Loss: 0.001932, LR: 0.000001
Epoch 1353: 学习率调整为 0.000000
Epoch 1400/2000, Loss: 0.002129, Recon Loss: 0.002018, LR: 0.000000
Epoch 1404: 学习率调整为 0.000000
Epoch 1450/2000, Loss: 0.002010, Recon Loss: 0.001880, LR: 0.000000
Epoch 1455: 学习率调整为 0.000000
Epoch 1500/2000, Loss: 0.002257, Recon Loss: 0.002141, LR: 0.000000
Epoch 1506: 学习率调整为 0.000000
Epoch 1550/2000, Loss: 0.002093, Recon Loss: 0.001989, LR: 0.000000
Epoch 1557: 学习率调整为 0.000000
Epoch 1600/2000, Loss: 0.002098, Recon Loss: 0.001987, LR: 0.000000
Epoch 1608: 学习率调整为 0.000000
Epoch 1650/2000, Loss: 0.002173, Recon Loss: 0.002047, LR: 0.000000
Epoch 1700/2000, Loss: 0.002095, Recon Loss: 0.001997, LR: 0.000000
Epoch 1750/2000, Loss: 0.002011, Recon Loss: 0.001894, LR: 0.000000
Epoch 1800/2000, Loss: 0.002198, Recon Loss: 0.002073, LR: 0.000000
Epoch 1850/2000, Loss: 0.002153, Recon Loss: 0.002030, LR: 0.000000
Epoch 1900/2000, Loss: 0.002218, Recon Loss: 0.002103, LR: 0.000000
Epoch 1950/2000, Loss: 0.002037, Recon Loss: 0.001935, LR: 0.000000
Epoch 2000/2000, Loss: 0.002193, Recon Loss: 0.002081, LR: 0.000000

训练完成，学习率共调整了 16 次
最佳损失: 0.001894
加载最佳模型进行测试...

📈 绘制训练损失曲线...
Loss curves saved to assets/loss_curves_8Lr[True]n6h512ph512E2000.png

============================================================
🧪 开始测试（使用真实数据）...
============================================================
测试数据维度: torch.Size([250, 1024])
压缩后维度: torch.Size([250, 128])
压缩率: 0.125

📊 整体测试结果:
  重建 MAE: nan
  重建 MSE: nan
  PSNR: nan dB

📸 生成可视化对比图（真实数据 vs 重建结果）...
Loss curves saved to assets/Example_8Lr[True]n6h512ph512E2000.png

📈 每张测试图像的详细指标:
  图像 1: PSNR = 14.60 dB, MAE = 0.149165, MSE = 0.034682
  图像 2: PSNR = 15.54 dB, MAE = 0.128622, MSE = 0.027917
  图像 3: PSNR = 7.59 dB, MAE = 0.322024, MSE = 0.174209
  图像 4: PSNR = 19.25 dB, MAE = 0.080823, MSE = 0.011883
  图像 5: PSNR = 10.60 dB, MAE = 0.235715, MSE = 0.087085

============================================================
✅ 测试完成！
  训练数据: 2000 张生成图像
  测试数据: 250 张真实图像
  压缩效果: 1024 维 → 128 维
  最佳模型已保存到: models/best_model.pth
============================================================
