Using device: cuda
============================================================
🎯 训练策略：使用生成数据训练，真实数据测试
============================================================

🔧 生成训练数据...
生成了 2000 张训练图像
训练数据形状: torch.Size([2000, 1024])

📂 加载真实测试数据...
加载了 250 张真实测试图像
测试数据形状: torch.Size([250, 1024])

📊 参数设置:
  输入维度: 1024
  压缩维度: 256
  压缩率: 0.250 (4:1)
  批大小: 32
  训练轮数: 2000
  学习率: 0.001
  学习率调整: True
  网络层数: 12
  隐藏层维度: 1024
  预测层维度: 1024
检测到旧版本 PyTorch，使用无 verbose 参数的学习率调度器

🚀 开始训练（使用生成数据）...
Epoch 50/2000, Loss: nan, Recon Loss: nan, LR: 0.001000
Epoch 52: 学习率调整为 0.000500
Epoch 100/2000, Loss: nan, Recon Loss: nan, LR: 0.000500
Epoch 103: 学习率调整为 0.000250
Epoch 150/2000, Loss: nan, Recon Loss: nan, LR: 0.000250
Epoch 154: 学习率调整为 0.000125
Epoch 200/2000, Loss: nan, Recon Loss: nan, LR: 0.000125
Epoch 205: 学习率调整为 0.000063
Epoch 250/2000, Loss: nan, Recon Loss: nan, LR: 0.000063
Epoch 256: 学习率调整为 0.000031
