Using device: cuda
============================================================
🎯 训练策略：使用生成数据训练，真实数据测试
============================================================

🔧 生成训练数据...
生成了 2000 张训练图像
训练数据形状: torch.Size([2000, 1024])

📂 加载真实测试数据...
加载了 250 张真实测试图像
测试数据形状: torch.Size([250, 1024])

📊 参数设置:
  输入维度: 1024
  压缩维度: 256
  压缩率: 0.250 (4:1)
  批大小: 32
  训练轮数: 2000
  学习率: 0.001
  学习率调整: True
  网络层数: 12
  隐藏层维度: 512
  预测层维度: 512
检测到旧版本 PyTorch，使用无 verbose 参数的学习率调度器

🚀 开始训练（使用生成数据）...
Epoch 50/2000, Loss: 0.007284, Recon Loss: 0.007020, LR: 0.001000
Epoch 100/2000, Loss: 0.004042, Recon Loss: 0.003787, LR: 0.001000
Epoch 150/2000, Loss: 0.003272, Recon Loss: 0.003046, LR: 0.001000
Epoch 200/2000, Loss: 0.002846, Recon Loss: 0.002709, LR: 0.001000
Epoch 250/2000, Loss: 0.002482, Recon Loss: 0.002327, LR: 0.001000
Epoch 300/2000, Loss: 0.002649, Recon Loss: 0.002514, LR: 0.001000
Epoch 350/2000, Loss: 0.002150, Recon Loss: 0.002036, LR: 0.001000
Epoch 400/2000, Loss: 0.002081, Recon Loss: 0.001968, LR: 0.001000
Epoch 426: 学习率调整为 0.000500
Epoch 450/2000, Loss: 0.001903, Recon Loss: 0.001799, LR: 0.000500
Epoch 500/2000, Loss: 0.001872, Recon Loss: 0.001777, LR: 0.000500
Epoch 526: 学习率调整为 0.000250
Epoch 550/2000, Loss: 0.001813, Recon Loss: 0.001720, LR: 0.000250
Epoch 600/2000, Loss: 0.001664, Recon Loss: 0.001572, LR: 0.000250
Epoch 613: 学习率调整为 0.000125
Epoch 650/2000, Loss: 0.001633, Recon Loss: 0.001548, LR: 0.000125
Epoch 692: 学习率调整为 0.000063
Epoch 700/2000, Loss: 0.001616, Recon Loss: 0.001534, LR: 0.000063
Epoch 750/2000, Loss: 0.001585, Recon Loss: 0.001497, LR: 0.000063
Epoch 790: 学习率调整为 0.000031
Epoch 800/2000, Loss: 0.001633, Recon Loss: 0.001559, LR: 0.000031
Epoch 841: 学习率调整为 0.000016
Epoch 850/2000, Loss: 0.001738, Recon Loss: 0.001649, LR: 0.000016
Epoch 892: 学习率调整为 0.000008
Epoch 900/2000, Loss: 0.001563, Recon Loss: 0.001478, LR: 0.000008
Epoch 950/2000, Loss: 0.001594, Recon Loss: 0.001501, LR: 0.000008
Epoch 986: 学习率调整为 0.000004
Epoch 1000/2000, Loss: 0.001623, Recon Loss: 0.001529, LR: 0.000004
Epoch 1037: 学习率调整为 0.000002
Epoch 1050/2000, Loss: 0.001620, Recon Loss: 0.001536, LR: 0.000002
Epoch 1088: 学习率调整为 0.000001
Epoch 1100/2000, Loss: 0.001627, Recon Loss: 0.001537, LR: 0.000001
Epoch 1139: 学习率调整为 0.000000
Epoch 1150/2000, Loss: 0.001624, Recon Loss: 0.001531, LR: 0.000000
Epoch 1190: 学习率调整为 0.000000
Epoch 1200/2000, Loss: 0.001609, Recon Loss: 0.001520, LR: 0.000000
Epoch 1241: 学习率调整为 0.000000
Epoch 1250/2000, Loss: 0.001530, Recon Loss: 0.001450, LR: 0.000000
Epoch 1292: 学习率调整为 0.000000
Epoch 1300/2000, Loss: 0.001604, Recon Loss: 0.001517, LR: 0.000000
Epoch 1343: 学习率调整为 0.000000
Epoch 1350/2000, Loss: 0.001686, Recon Loss: 0.001598, LR: 0.000000
Epoch 1394: 学习率调整为 0.000000
Epoch 1400/2000, Loss: 0.001550, Recon Loss: 0.001460, LR: 0.000000
Epoch 1450/2000, Loss: 0.001592, Recon Loss: 0.001507, LR: 0.000000
Epoch 1500/2000, Loss: 0.001582, Recon Loss: 0.001491, LR: 0.000000
Epoch 1550/2000, Loss: 0.001603, Recon Loss: 0.001512, LR: 0.000000
Epoch 1600/2000, Loss: 0.001630, Recon Loss: 0.001531, LR: 0.000000
Epoch 1650/2000, Loss: 0.001534, Recon Loss: 0.001454, LR: 0.000000
Epoch 1700/2000, Loss: 0.001588, Recon Loss: 0.001499, LR: 0.000000
Epoch 1750/2000, Loss: 0.001645, Recon Loss: 0.001556, LR: 0.000000
Epoch 1800/2000, Loss: 0.001502, Recon Loss: 0.001426, LR: 0.000000
Epoch 1850/2000, Loss: 0.001693, Recon Loss: 0.001599, LR: 0.000000
Epoch 1900/2000, Loss: 0.001683, Recon Loss: 0.001584, LR: 0.000000
Epoch 1950/2000, Loss: 0.001658, Recon Loss: 0.001555, LR: 0.000000
Epoch 2000/2000, Loss: 0.001576, Recon Loss: 0.001488, LR: 0.000000

训练完成，学习率共调整了 16 次
最佳损失: 0.001413
加载最佳模型进行测试...

📈 绘制训练损失曲线...
Loss curves saved to assets/loss_curves_4Lr[True]n12h512ph512E2000.png

============================================================
🧪 开始测试（使用真实数据）...
============================================================
测试数据维度: torch.Size([250, 1024])
压缩后维度: torch.Size([250, 256])
压缩率: 0.250

📊 整体测试结果:
  重建 MAE: nan
  重建 MSE: nan
  PSNR: nan dB

📸 生成可视化对比图（真实数据 vs 重建结果）...
Loss curves saved to assets/Example_4Lr[True]n12h512ph512E2000.png

📈 每张测试图像的详细指标:
  图像 1: PSNR = 15.56 dB, MAE = 0.133990, MSE = 0.027826
  图像 2: PSNR = 15.75 dB, MAE = 0.125212, MSE = 0.026622
  图像 3: PSNR = 9.91 dB, MAE = 0.254405, MSE = 0.102067
  图像 4: PSNR = 19.68 dB, MAE = 0.073886, MSE = 0.010758
  图像 5: PSNR = 9.63 dB, MAE = 0.268774, MSE = 0.108794

============================================================
✅ 测试完成！
  训练数据: 2000 张生成图像
  测试数据: 250 张真实图像
  压缩效果: 1024 维 → 256 维
  最佳模型已保存到: models/best_model.pth
============================================================
