Using device: cuda
============================================================
🎯 训练策略：使用生成数据训练，真实数据测试
============================================================

📂 加载真实数据...
加载了 250 张真实测试图像
测试数据形状: torch.Size([250, 1024])

📊 参数设置:
  输入维度: 1024
  压缩维度: 256
  压缩率: 0.250 (4:1)
  批大小: 32
  训练轮数: 2000
  学习率: 1e-05
  学习率调整: True
  网络层数: 12
  隐藏层维度: 1536
  预测层维度: 1536
检测到旧版本 PyTorch，使用无 verbose 参数的学习率调度器

🚀 开始训练（使用生成数据）...
Epoch 50/2000, Loss: 0.165717, Recon Loss: 0.164085, LR: 1e-05
Epoch 100/2000, Loss: 0.049442, Recon Loss: 0.047763, LR: 1e-05
Epoch 150/2000, Loss: 0.042796, Recon Loss: 0.041206, LR: 1e-05
Epoch 200/2000, Loss: 0.026956, Recon Loss: 0.025659, LR: 1e-05
Epoch 250/2000, Loss: 0.026669, Recon Loss: 0.025109, LR: 1e-05
Epoch 299: 学习率调整为 0.000005
Epoch 300/2000, Loss: 0.024032, Recon Loss: 0.022654, LR: 5e-06
Epoch 350/2000, Loss: 0.021661, Recon Loss: 0.020272, LR: 5e-06
Epoch 388: 学习率调整为 0.000003
Epoch 400/2000, Loss: 0.020783, Recon Loss: 0.019475, LR: 2.5e-06
Epoch 450/2000, Loss: 0.026374, Recon Loss: 0.025033, LR: 2.5e-06
Epoch 483: 学习率调整为 0.000001
Epoch 500/2000, Loss: 0.023830, Recon Loss: 0.022447, LR: 1.25e-06
Epoch 534: 学习率调整为 0.000001
Epoch 550/2000, Loss: 0.020689, Recon Loss: 0.019393, LR: 6.25e-07
Epoch 585: 学习率调整为 0.000000
Epoch 600/2000, Loss: 0.024911, Recon Loss: 0.023544, LR: 3.125e-07
Epoch 636: 学习率调整为 0.000000
Epoch 650/2000, Loss: 0.021133, Recon Loss: 0.019765, LR: 1.5625e-07
Epoch 687: 学习率调整为 0.000000
Epoch 700/2000, Loss: 0.022658, Recon Loss: 0.021295, LR: 7.8125e-08
Epoch 738: 学习率调整为 0.000000
Epoch 750/2000, Loss: 0.022039, Recon Loss: 0.020696, LR: 3.90625e-08
Epoch 789: 学习率调整为 0.000000
Epoch 800/2000, Loss: 0.022872, Recon Loss: 0.021616, LR: 1.953125e-08
Epoch 850/2000, Loss: 0.022083, Recon Loss: 0.020830, LR: 1.953125e-08
Epoch 900/2000, Loss: 0.021567, Recon Loss: 0.020303, LR: 1.953125e-08
Epoch 950/2000, Loss: 0.022432, Recon Loss: 0.021088, LR: 1.953125e-08
Epoch 1000/2000, Loss: 0.024894, Recon Loss: 0.023634, LR: 1.953125e-08
Epoch 1050/2000, Loss: 0.023571, Recon Loss: 0.022360, LR: 1.953125e-08
Epoch 1100/2000, Loss: 0.022835, Recon Loss: 0.021664, LR: 1.953125e-08
Epoch 1150/2000, Loss: 0.021776, Recon Loss: 0.020467, LR: 1.953125e-08
Epoch 1200/2000, Loss: 0.021071, Recon Loss: 0.019654, LR: 1.953125e-08
Epoch 1250/2000, Loss: 0.024376, Recon Loss: 0.023110, LR: 1.953125e-08
Epoch 1300/2000, Loss: 0.022417, Recon Loss: 0.021234, LR: 1.953125e-08
Epoch 1350/2000, Loss: 0.020980, Recon Loss: 0.019794, LR: 1.953125e-08
Epoch 1400/2000, Loss: 0.021314, Recon Loss: 0.019984, LR: 1.953125e-08
Epoch 1450/2000, Loss: 0.021671, Recon Loss: 0.020536, LR: 1.953125e-08
Epoch 1500/2000, Loss: 0.023446, Recon Loss: 0.022179, LR: 1.953125e-08
Epoch 1550/2000, Loss: 0.025320, Recon Loss: 0.024073, LR: 1.953125e-08
Epoch 1600/2000, Loss: 0.025531, Recon Loss: 0.024201, LR: 1.953125e-08
Epoch 1650/2000, Loss: 0.020674, Recon Loss: 0.019381, LR: 1.953125e-08
Epoch 1700/2000, Loss: 0.022701, Recon Loss: 0.021399, LR: 1.953125e-08
Epoch 1750/2000, Loss: 0.024663, Recon Loss: 0.023341, LR: 1.953125e-08
Epoch 1800/2000, Loss: 0.021510, Recon Loss: 0.020254, LR: 1.953125e-08
Epoch 1850/2000, Loss: 0.020049, Recon Loss: 0.018694, LR: 1.953125e-08
Epoch 1900/2000, Loss: 0.023714, Recon Loss: 0.022275, LR: 1.953125e-08
Epoch 1950/2000, Loss: 0.022733, Recon Loss: 0.021375, LR: 1.953125e-08
Epoch 2000/2000, Loss: 0.023098, Recon Loss: 0.021893, LR: 1.953125e-08

训练完成，学习率共调整了 9 次
最佳损失: 0.017209
加载最佳模型进行测试...

📈 绘制训练损失曲线...
Loss curves saved to assets/loss_curves_4Lr[True]n12h1536ph1536E2000.png

============================================================
🧪 开始测试（使用真实数据）...
============================================================
测试数据维度: torch.Size([250, 1024])
压缩后维度: torch.Size([250, 256])
压缩率: 0.250

📊 整体测试结果:
  重建 MAE: 0.096217
  重建 MSE: 0.021244
  PSNR: 16.73 dB

📸 生成可视化对比图（真实数据 vs 重建结果）...
Loss curves saved to assets/Example_4Lr[True]n12h1536ph1536E2000.png

📈 每张测试图像的详细指标:
  图像 1: PSNR = 16.33 dB, MAE = 0.100463, MSE = 0.023274
  图像 2: PSNR = 17.73 dB, MAE = 0.085947, MSE = 0.016858
  图像 3: PSNR = 14.07 dB, MAE = 0.127981, MSE = 0.039172
  图像 4: PSNR = 18.71 dB, MAE = 0.079443, MSE = 0.013467
  图像 5: PSNR = 16.22 dB, MAE = 0.103286, MSE = 0.023883

============================================================
✅ 测试完成！
  训练数据: 250 张生成图像
  测试数据: 250 张真实图像
  压缩效果: 1024 维 → 256 维
  最佳模型已保存到: models/best_model.pth
============================================================
