Using device: cuda
============================================================
🎯 Baseline: PCA Compression vs IDRP (for comparison)
============================================================

🔧 生成训练数据...
生成了 2000 张训练图像
训练数据形状: torch.Size([2000, 1024])

📂 加载真实测试数据...
加载了 250 张真实测试图像
测试数据形状: torch.Size([250, 1024])

📊 PCA 参数:
 输入维度: 1024
 压缩维度: 256
 压缩率: 0.250 (4:1)

🚀 拟合 PCA 模型（在生成数据上）...
PCA 拟合完成。解释方差比例: 0.9727

============================================================
🧪 开始测试（使用真实数据）...
============================================================
测试数据维度: (250, 1024)
压缩后维度: (250, 256)
压缩率: 0.250

📊 PCA 测试结果:
 重建 MAE: 0.078164
 重建 MSE: 0.011979
 PSNR: 19.22 dB

📸 生成可视化对比图（真实数据 vs PCA 重建）...
Visualization saved to assets/PCA_Example_4to1.png

📈 每张测试图像的详细指标:
 图像 1: PSNR = 21.98 dB, MAE = 0.061112, MSE = 0.006340
 图像 2: PSNR = 21.03 dB, MAE = 0.065784, MSE = 0.007891
 图像 3: PSNR = 21.09 dB, MAE = 0.067631, MSE = 0.007778
 图像 4: PSNR = 23.15 dB, MAE = 0.053605, MSE = 0.004843
 图像 5: PSNR = 20.41 dB, MAE = 0.074598, MSE = 0.009101

============================================================
✅ PCA 基线测试完成！
 训练数据: 2000 张生成图像
 测试数据: 250 张真实图像
 压缩效果: 1024 维 → 256 维
============================================================
