Using device: cuda
============================================================
🎯 Baseline: PCA Compression vs IDRP (for comparison)
============================================================

📂 加载真实测试数据...
加载了 250 张真实测试图像
加载数据形状: torch.Size([250, 1024])

📊 PCA 参数:
 输入维度: 1024
 压缩维度: 128
 压缩率: 0.125 (8:1)

🚀 拟合 PCA 模型（在生成数据上）...
PCA 拟合完成。解释方差比例: 0.9771

============================================================
🧪 开始测试（使用真实数据）...
============================================================
测试数据维度: (250, 1024)
压缩后维度: (250, 128)
压缩率: 0.125

📊 PCA 测试结果:
 重建 MAE: 0.029422
 重建 MSE: 0.001456
 PSNR: 28.37 dB

📸 生成可视化对比图（真实数据 vs PCA 重建）...
Visualization saved to assets/PCA_Example_8to1.png

📈 每张测试图像的详细指标:
 图像 1: PSNR = 27.68 dB, MAE = 0.032490, MSE = 0.001706
 图像 2: PSNR = 27.22 dB, MAE = 0.034426, MSE = 0.001898
 图像 3: PSNR = 29.60 dB, MAE = 0.026074, MSE = 0.001097
 图像 4: PSNR = 27.90 dB, MAE = 0.031142, MSE = 0.001624
 图像 5: PSNR = 29.52 dB, MAE = 0.026807, MSE = 0.001117

============================================================
✅ PCA 基线测试完成！
 训练数据: 250 张真实图像
 测试数据: 250 张真实图像
 压缩效果: 1024 维 → 128 维
============================================================
