Using device: cuda
============================================================
🎯 Baseline: PCA Compression vs IDRP (for comparison)
============================================================

🔧 生成训练数据...
生成了 2000 张训练图像
训练数据形状: torch.Size([2000, 1024])

📂 加载真实测试数据...
加载了 250 张真实测试图像
测试数据形状: torch.Size([250, 1024])

📊 PCA 参数:
 输入维度: 1024
 压缩维度: 128
 压缩率: 0.125 (8:1)

🚀 拟合 PCA 模型（在生成数据上）...
PCA 拟合完成。解释方差比例: 0.9593

============================================================
🧪 开始测试（使用真实数据）...
============================================================
测试数据维度: (250, 1024)
压缩后维度: (250, 128)
压缩率: 0.125

📊 PCA 测试结果:
 重建 MAE: 0.085679
 重建 MSE: 0.014514
 PSNR: 18.38 dB

📸 生成可视化对比图（真实数据 vs PCA 重建）...
Visualization saved to assets/PCA_Example_8to1.png

📈 每张测试图像的详细指标:
 图像 1: PSNR = 21.23 dB, MAE = 0.066215, MSE = 0.007534
 图像 2: PSNR = 20.35 dB, MAE = 0.070175, MSE = 0.009230
 图像 3: PSNR = 20.11 dB, MAE = 0.075572, MSE = 0.009753
 图像 4: PSNR = 22.33 dB, MAE = 0.058931, MSE = 0.005850
 图像 5: PSNR = 19.58 dB, MAE = 0.080574, MSE = 0.011016

============================================================
✅ PCA 基线测试完成！
 训练数据: 2000 张生成图像
 测试数据: 250 张真实图像
 压缩效果: 1024 维 → 128 维
============================================================
